#-----------------------------------------------------------
# Vivado v2016.4 (64-bit)
# SW Build 1756540 on Mon Jan 23 19:11:23 MST 2017
# IP Build 1755317 on Mon Jan 23 20:30:07 MST 2017
# Start of session at: Tue Apr 18 20:33:54 2017
# Process ID: 5580
# Current directory: X:/final_project_sim/lzw
# Command line: vivado.exe -gui_launcher_event rodinguilauncherevent6592 X:\final_project_sim\lzw\lzw.xpr
# Log file: X:/final_project_sim/lzw/vivado.log
# Journal file: X:/final_project_sim/lzw\vivado.jou
#-----------------------------------------------------------
start_gui
open_project X:/final_project_sim/lzw/lzw.xpr
CRITICAL WARNING: [Project 1-19] Could not find the file 'X:/../dictionary_block_4.vhd'.
CRITICAL WARNING: [Project 1-19] Could not find the file 'X:/../dictionary_block_2.vhd'.
CRITICAL WARNING: [Project 1-19] Could not find the file 'X:/../dictionary_4.vhd'.
CRITICAL WARNING: [Project 1-19] Could not find the file 'X:/../dictionary_2.vhd'.
Scanning sources...
Finished scanning sources
INFO: [IP_Flow 19-234] Refreshing IP repositories
INFO: [IP_Flow 19-1704] No user IP repositories specified
INFO: [IP_Flow 19-2313] Loaded Vivado IP repository 'C:/Xilinx/Vivado/2016.4/data/ip'.
archive_project X:/final_project_sim/lzw.xpr.zip -temp_dir X:/final_project_sim/lzw/.Xil/Vivado-5580-Shaun -force -include_config_settings
INFO: [Coretcl 2-137] starting archive...
INFO: [Coretcl 2-1499] Saving project copy to temporary location 'X:/final_project_sim/lzw/.Xil/Vivado-5580-Shaun' for archiving project
CRITICAL WARNING: [Project 1-19] Could not find the file 'X:/../dictionary_block_4.vhd'.
CRITICAL WARNING: [Project 1-19] Could not find the file 'X:/../dictionary_block_2.vhd'.
CRITICAL WARNING: [Project 1-19] Could not find the file 'X:/../dictionary_4.vhd'.
CRITICAL WARNING: [Project 1-19] Could not find the file 'X:/../dictionary_2.vhd'.
Scanning sources...
Finished scanning sources
INFO: [IP_Flow 19-234] Refreshing IP repositories
INFO: [IP_Flow 19-1704] No user IP repositories specified
INFO: [IP_Flow 19-2313] Loaded Vivado IP repository 'C:/Xilinx/Vivado/2016.4/data/ip'.
INFO: [Coretcl 2-1211] Creating project copy for archival...
INFO: [Coretcl 2-1213] Including run results for 'synth_1'
INFO: [Coretcl 2-1213] Including run results for 'bram_4096_synth_1'
INFO: [Coretcl 2-1213] Including run results for 'bram_2048_0_synth_1'
INFO: [Coretcl 2-1213] Including run results for 'bram_2048_1_synth_1'
INFO: [Coretcl 2-1213] Including run results for 'bram_1024_1_synth_1'
INFO: [Coretcl 2-1213] Including run results for 'bram_1024_2_synth_1'
INFO: [Coretcl 2-1213] Including run results for 'bram_1024_3_synth_1'
INFO: [Coretcl 2-1213] Including run results for 'bram_1024_0_synth_1'
INFO: [Coretcl 2-1213] Including run results for 'impl_1'
INFO: [Coretcl 2-133] re-setting run 'bram_4096_impl_1'...
INFO: [Coretcl 2-133] re-setting run 'bram_2048_0_impl_1'...
INFO: [Coretcl 2-133] re-setting run 'bram_2048_1_impl_1'...
INFO: [Coretcl 2-133] re-setting run 'bram_1024_1_impl_1'...
INFO: [Coretcl 2-133] re-setting run 'bram_1024_2_impl_1'...
INFO: [Coretcl 2-133] re-setting run 'bram_1024_3_impl_1'...
INFO: [Coretcl 2-133] re-setting run 'bram_1024_0_impl_1'...
INFO: [Coretcl 2-1212] Importing remotely added design sources and verilog include files (if any)...
INFO: [filemgmt 20-334] All file(s) are already imported in fileset: 'bram_1024_0'
INFO: [filemgmt 20-348] Importing the appropriate files for fileset: 'bram_1024_0'
INFO: [filemgmt 20-334] All file(s) are already imported in fileset: 'bram_1024_1'
INFO: [filemgmt 20-348] Importing the appropriate files for fileset: 'bram_1024_1'
INFO: [filemgmt 20-334] All file(s) are already imported in fileset: 'bram_1024_2'
INFO: [filemgmt 20-348] Importing the appropriate files for fileset: 'bram_1024_2'
INFO: [filemgmt 20-334] All file(s) are already imported in fileset: 'bram_1024_3'
INFO: [filemgmt 20-348] Importing the appropriate files for fileset: 'bram_1024_3'
INFO: [filemgmt 20-334] All file(s) are already imported in fileset: 'bram_2048_0'
INFO: [filemgmt 20-348] Importing the appropriate files for fileset: 'bram_2048_0'
INFO: [filemgmt 20-334] All file(s) are already imported in fileset: 'bram_2048_1'
INFO: [filemgmt 20-348] Importing the appropriate files for fileset: 'bram_2048_1'
INFO: [filemgmt 20-334] All file(s) are already imported in fileset: 'bram_4096'
INFO: [filemgmt 20-348] Importing the appropriate files for fileset: 'bram_4096'
INFO: [filemgmt 20-334] All file(s) are already imported in fileset: 'constrs_1'
INFO: [filemgmt 20-348] Importing the appropriate files for fileset: 'constrs_1'
INFO: [filemgmt 20-334] All file(s) are already imported in fileset: 'sim_1'
INFO: [filemgmt 20-348] Importing the appropriate files for fileset: 'sim_1'
INFO: [filemgmt 20-348] Importing the appropriate files for fileset: 'sources_1'
WARNING: [filemgmt 20-342] File / dir doesn't exist, skipping: X:/../dictionary_block_4.vhd
WARNING: [filemgmt 20-342] File / dir doesn't exist, skipping: X:/../dictionary_block_2.vhd
WARNING: [filemgmt 20-342] File / dir doesn't exist, skipping: X:/../dictionary_4.vhd
WARNING: [filemgmt 20-342] File / dir doesn't exist, skipping: X:/../dictionary_2.vhd
