#-----------------------------------------------------------
# Vivado v2016.4 (64-bit)
# SW Build 1756540 on Mon Jan 23 19:11:23 MST 2017
# IP Build 1755317 on Mon Jan 23 20:30:07 MST 2017
# Start of session at: Tue Apr 18 23:08:21 2017
# Process ID: 5200
# Current directory: X:/final_project_sim/lzw
# Command line: vivado.exe -gui_launcher_event rodinguilauncherevent9156 X:\final_project_sim\lzw\lzw.xpr
# Log file: X:/final_project_sim/lzw/vivado.log
# Journal file: X:/final_project_sim/lzw\vivado.jou
#-----------------------------------------------------------
start_gui
open_project X:/final_project_sim/lzw/lzw.xpr
INFO: [Project 1-313] Project file moved from 'X:/final_project_sim/lzw/.Xil/Vivado-5580-Shaun/PrjAr/_X_' since last save.
CRITICAL WARNING: [Project 1-311] Could not find the file 'X:/../../../../../dictionary_block_4.vhd', nor could it be found using path 'X:/../dictionary_block_4.vhd'.
CRITICAL WARNING: [Project 1-311] Could not find the file 'X:/../../../../../dictionary_block_2.vhd', nor could it be found using path 'X:/../dictionary_block_2.vhd'.
CRITICAL WARNING: [Project 1-311] Could not find the file 'X:/../../../../../dictionary_4.vhd', nor could it be found using path 'X:/../dictionary_4.vhd'.
CRITICAL WARNING: [Project 1-311] Could not find the file 'X:/../../../../../dictionary_2.vhd', nor could it be found using path 'X:/../dictionary_2.vhd'.
Scanning sources...
Finished scanning sources
INFO: [IP_Flow 19-234] Refreshing IP repositories
INFO: [IP_Flow 19-1704] No user IP repositories specified
INFO: [IP_Flow 19-2313] Loaded Vivado IP repository 'C:/Xilinx/Vivado/2016.4/data/ip'.
open_project: Time (s): cpu = 00:00:12 ; elapsed = 00:00:08 . Memory (MB): peak = 781.113 ; gain = 120.391
reset_run bram_4096_synth_1
reset_run bram_2048_0_synth_1
reset_run bram_2048_1_synth_1
reset_run bram_1024_1_synth_1
reset_run bram_1024_2_synth_1
reset_run bram_1024_3_synth_1
reset_run bram_1024_0_synth_1
launch_runs impl_1 -jobs 4
INFO: [IP_Flow 19-1686] Generating 'Synthesis' target for IP 'bram_4096'...
INFO: [IP_Flow 19-1686] Generating 'Synthesis' target for IP 'bram_2048_0'...
INFO: [IP_Flow 19-1686] Generating 'Synthesis' target for IP 'bram_2048_1'...
INFO: [IP_Flow 19-1686] Generating 'Synthesis' target for IP 'bram_1024_1'...
INFO: [IP_Flow 19-1686] Generating 'Synthesis' target for IP 'bram_1024_2'...
INFO: [IP_Flow 19-1686] Generating 'Synthesis' target for IP 'bram_1024_3'...
INFO: [IP_Flow 19-1686] Generating 'Synthesis' target for IP 'bram_1024_0'...
[Tue Apr 18 23:10:13 2017] Launched bram_4096_synth_1, bram_2048_0_synth_1, bram_2048_1_synth_1, bram_1024_1_synth_1, bram_1024_2_synth_1, bram_1024_3_synth_1, bram_1024_0_synth_1, synth_1...
Run output will be captured here:
bram_4096_synth_1: X:/final_project_sim/lzw/lzw.runs/bram_4096_synth_1/runme.log
bram_2048_0_synth_1: X:/final_project_sim/lzw/lzw.runs/bram_2048_0_synth_1/runme.log
bram_2048_1_synth_1: X:/final_project_sim/lzw/lzw.runs/bram_2048_1_synth_1/runme.log
bram_1024_1_synth_1: X:/final_project_sim/lzw/lzw.runs/bram_1024_1_synth_1/runme.log
bram_1024_2_synth_1: X:/final_project_sim/lzw/lzw.runs/bram_1024_2_synth_1/runme.log
bram_1024_3_synth_1: X:/final_project_sim/lzw/lzw.runs/bram_1024_3_synth_1/runme.log
bram_1024_0_synth_1: X:/final_project_sim/lzw/lzw.runs/bram_1024_0_synth_1/runme.log
synth_1: X:/final_project_sim/lzw/lzw.runs/synth_1/runme.log
[Tue Apr 18 23:10:22 2017] Launched impl_1...
Run output will be captured here: X:/final_project_sim/lzw/lzw.runs/impl_1/runme.log
launch_runs: Time (s): cpu = 00:00:06 ; elapsed = 00:00:26 . Memory (MB): peak = 794.254 ; gain = 0.000
reset_run impl_1
exit
INFO: [Common 17-206] Exiting Vivado at Tue Apr 18 23:23:07 2017...
