#-----------------------------------------------------------
# Vivado v2016.4 (64-bit)
# SW Build 1756540 on Mon Jan 23 19:11:23 MST 2017
# IP Build 1755317 on Mon Jan 23 20:30:07 MST 2017
# Start of session at: Tue Apr 18 23:01:39 2017
# Process ID: 14348
# Current directory: X:/final_project/lzw_compression
# Command line: vivado.exe -gui_launcher_event rodinguilauncherevent7744 X:\final_project\lzw_compression\lzw_compression.xpr
# Log file: X:/final_project/lzw_compression/vivado.log
# Journal file: X:/final_project/lzw_compression\vivado.jou
#-----------------------------------------------------------
start_gui
open_project X:/final_project/lzw_compression/lzw_compression.xpr
INFO: [Project 1-313] Project file moved from 'X:/final_project/lzw_compression/.Xil/Vivado-7452-Shaun/PrjAr/_X_' since last save.
Scanning sources...
Finished scanning sources
INFO: [IP_Flow 19-234] Refreshing IP repositories
INFO: [IP_Flow 19-1700] Loaded user IP repository 'x:/final_project/lzw_compression/lzw_compression.ipdefs/axi_compression_1.0_0_0'.
INFO: [IP_Flow 19-2313] Loaded Vivado IP repository 'C:/Xilinx/Vivado/2016.4/data/ip'.
WARNING: [IP_Flow 19-3664] IP 'design_1_processing_system7_0_0' generated file not found 'x:/final_project/lzw_compression/lzw_compression.srcs/sources_1/bd/design_1/ip/design_1_processing_system7_0_0/sim/libps7.so'. Please regenerate to continue.
WARNING: [IP_Flow 19-3664] IP 'design_1_processing_system7_0_0' generated file not found 'x:/final_project/lzw_compression/lzw_compression.srcs/sources_1/bd/design_1/ip/design_1_processing_system7_0_0/sim/libremoteport.so'. Please regenerate to continue.
open_project: Time (s): cpu = 00:00:13 ; elapsed = 00:00:08 . Memory (MB): peak = 793.488 ; gain = 141.355
open_bd_design {X:/final_project/lzw_compression/lzw_compression.srcs/sources_1/bd/design_1/design_1.bd}
Adding cell -- xilinx.com:ip:processing_system7:5.5 - processing_system7_0
Adding cell -- xilinx.com:ip:proc_sys_reset:5.0 - rst_ps7_0_100M
Adding cell -- xilinx.com:user:axi_compression:1.0 - axi_compression_0
Adding cell -- xilinx.com:ip:axi_protocol_converter:2.1 - auto_pc
Successfully read diagram <design_1> from BD file <X:/final_project/lzw_compression/lzw_compression.srcs/sources_1/bd/design_1/design_1.bd>
open_bd_design: Time (s): cpu = 00:00:15 ; elapsed = 00:00:10 . Memory (MB): peak = 845.313 ; gain = 44.461
ipx::edit_ip_in_project -upgrade true -name axi_compression_v1_0_project -directory X:/final_project/lzw_compression/lzw_compression.tmp/axi_compression_v1_0_project x:/final_project/lzw_compression/lzw_compression.ipdefs/axi_compression_1.0_0_0/component.xml
INFO: [ProjectBase 1-489] The host OS only allows 260 characters in a normal path. The project is stored in a path with more than 80 characters. If you experience issues with IP, Block Designs, or files not being found, please consider moving the project to a location with a shorter path. Alternately consider using the OS subst command to map part of the path to a drive letter.
Current project path is 'x:/final_project/lzw_compression/lzw_compression.tmp/axi_compression_v1_0_project'
INFO: [IP_Flow 19-234] Refreshing IP repositories
INFO: [IP_Flow 19-1704] No user IP repositories specified
INFO: [IP_Flow 19-2313] Loaded Vivado IP repository 'C:/Xilinx/Vivado/2016.4/data/ip'.
create_project: Time (s): cpu = 00:00:09 ; elapsed = 00:00:05 . Memory (MB): peak = 862.180 ; gain = 0.000
INFO: [IP_Flow 19-234] Refreshing IP repositories
INFO: [IP_Flow 19-1700] Loaded user IP repository 'x:/final_project/lzw_compression/lzw_compression.ipdefs/axi_compression_1.0_0_0'.
INFO: [IP_Flow 19-795] Syncing license key meta-data
INFO: [IP_Flow 19-793] Syncing display name meta-data
INFO: [IP_Flow 19-798] Syncing taxonomy meta-data
ipx::edit_ip_in_project: Time (s): cpu = 00:00:15 ; elapsed = 00:00:10 . Memory (MB): peak = 869.902 ; gain = 7.723
ipx::add_file_group -type synthesis {} [ipx::current_core]
ipx::add_file bram4_3.coe [ipx::get_file_groups xilinx_anylanguagesynthesis -of_objects [ipx::current_core]]
ipx::add_file bram4_2.coe [ipx::get_file_groups xilinx_anylanguagesynthesis -of_objects [ipx::current_core]]
ipx::add_file bram4_1.coe [ipx::get_file_groups xilinx_anylanguagesynthesis -of_objects [ipx::current_core]]
ipx::add_file bram4_0.coe [ipx::get_file_groups xilinx_anylanguagesynthesis -of_objects [ipx::current_core]]
ipx::add_file bram2_1.coe [ipx::get_file_groups xilinx_anylanguagesynthesis -of_objects [ipx::current_core]]
ipx::add_file bram2_0.coe [ipx::get_file_groups xilinx_anylanguagesynthesis -of_objects [ipx::current_core]]
ipx::add_file src/bram_4096_1/bram_4096.coe [ipx::get_file_groups xilinx_anylanguagesynthesis -of_objects [ipx::current_core]]
ipx::add_file bram_4096.coe [ipx::get_file_groups xilinx_anylanguagesynthesis -of_objects [ipx::current_core]]
ipx::add_file src/dictionary_block.vhd [ipx::get_file_groups xilinx_anylanguagesynthesis -of_objects [ipx::current_core]]
ipx::add_file src/dictionary_block_2.vhd [ipx::get_file_groups xilinx_anylanguagesynthesis -of_objects [ipx::current_core]]
ipx::add_file src/dictionary_block_4.vhd [ipx::get_file_groups xilinx_anylanguagesynthesis -of_objects [ipx::current_core]]
ipx::add_file src/lzw.vhd [ipx::get_file_groups xilinx_anylanguagesynthesis -of_objects [ipx::current_core]]
ipx::add_file src/dictionary_2.vhd [ipx::get_file_groups xilinx_anylanguagesynthesis -of_objects [ipx::current_core]]
ipx::add_file src/dictionary_4.vhd [ipx::get_file_groups xilinx_anylanguagesynthesis -of_objects [ipx::current_core]]
ipx::add_file hdl/axi_compression_v1_0_S00_AXI.vhd [ipx::get_file_groups xilinx_anylanguagesynthesis -of_objects [ipx::current_core]]
ipx::add_file src/input_fifo_1/input_fifo.xci [ipx::get_file_groups xilinx_anylanguagesynthesis -of_objects [ipx::current_core]]
ipx::add_file src/output_fifo_1/output_fifo.xci [ipx::get_file_groups xilinx_anylanguagesynthesis -of_objects [ipx::current_core]]
ipx::add_file src/bram_4096_1/bram_4096.xci [ipx::get_file_groups xilinx_anylanguagesynthesis -of_objects [ipx::current_core]]
ipx::add_file src/bram_2048_0/bram_2048_0.xci [ipx::get_file_groups xilinx_anylanguagesynthesis -of_objects [ipx::current_core]]
ipx::add_file src/bram_2048_1/bram_2048_1.xci [ipx::get_file_groups xilinx_anylanguagesynthesis -of_objects [ipx::current_core]]
ipx::add_file src/clock_counter.vhd [ipx::get_file_groups xilinx_anylanguagesynthesis -of_objects [ipx::current_core]]
ipx::add_file src/bram_1024_0/bram_1024_0.xci [ipx::get_file_groups xilinx_anylanguagesynthesis -of_objects [ipx::current_core]]
ipx::add_file src/bram_1024_1/bram_1024_1.xci [ipx::get_file_groups xilinx_anylanguagesynthesis -of_objects [ipx::current_core]]
ipx::add_file src/bram_1024_2/bram_1024_2.xci [ipx::get_file_groups xilinx_anylanguagesynthesis -of_objects [ipx::current_core]]
ipx::add_file src/bram_1024_3/bram_1024_3.xci [ipx::get_file_groups xilinx_anylanguagesynthesis -of_objects [ipx::current_core]]
ipx::add_file hdl/axi_compression_v1_0.vhd [ipx::get_file_groups xilinx_anylanguagesynthesis -of_objects [ipx::current_core]]
set_property model_name axi_compression_v1_0 [ipx::get_file_groups xilinx_anylanguagesynthesis -of_objects [ipx::current_core]]
ipx::remove_file_group xilinx_vhdlsynthesis [ipx::current_core]
ipx::add_file_group -type simulation {} [ipx::current_core]
ipx::reorder_files -before bram4_2.coe bram4_3.coe [ipx::get_file_groups xilinx_vhdlbehavioralsimulation -of_objects [ipx::current_core]]
ipx::add_file bram4_3.coe [ipx::get_file_groups xilinx_anylanguagebehavioralsimulation -of_objects [ipx::current_core]]
ipx::add_file bram4_2.coe [ipx::get_file_groups xilinx_anylanguagebehavioralsimulation -of_objects [ipx::current_core]]
ipx::add_file bram4_1.coe [ipx::get_file_groups xilinx_anylanguagebehavioralsimulation -of_objects [ipx::current_core]]
ipx::add_file bram4_0.coe [ipx::get_file_groups xilinx_anylanguagebehavioralsimulation -of_objects [ipx::current_core]]
ipx::add_file bram2_1.coe [ipx::get_file_groups xilinx_anylanguagebehavioralsimulation -of_objects [ipx::current_core]]
ipx::add_file bram2_0.coe [ipx::get_file_groups xilinx_anylanguagebehavioralsimulation -of_objects [ipx::current_core]]
ipx::add_file src/bram_4096_1/bram_4096.coe [ipx::get_file_groups xilinx_anylanguagebehavioralsimulation -of_objects [ipx::current_core]]
ipx::add_file bram_4096.coe [ipx::get_file_groups xilinx_anylanguagebehavioralsimulation -of_objects [ipx::current_core]]
ipx::add_file src/dictionary_block.vhd [ipx::get_file_groups xilinx_anylanguagebehavioralsimulation -of_objects [ipx::current_core]]
ipx::add_file src/dictionary_block_2.vhd [ipx::get_file_groups xilinx_anylanguagebehavioralsimulation -of_objects [ipx::current_core]]
ipx::add_file src/dictionary_block_4.vhd [ipx::get_file_groups xilinx_anylanguagebehavioralsimulation -of_objects [ipx::current_core]]
ipx::add_file src/lzw.vhd [ipx::get_file_groups xilinx_anylanguagebehavioralsimulation -of_objects [ipx::current_core]]
ipx::add_file src/dictionary_2.vhd [ipx::get_file_groups xilinx_anylanguagebehavioralsimulation -of_objects [ipx::current_core]]
ipx::add_file src/dictionary_4.vhd [ipx::get_file_groups xilinx_anylanguagebehavioralsimulation -of_objects [ipx::current_core]]
ipx::add_file hdl/axi_compression_v1_0_S00_AXI.vhd [ipx::get_file_groups xilinx_anylanguagebehavioralsimulation -of_objects [ipx::current_core]]
ipx::add_file src/input_fifo_1/input_fifo.xci [ipx::get_file_groups xilinx_anylanguagebehavioralsimulation -of_objects [ipx::current_core]]
ipx::add_file src/output_fifo_1/output_fifo.xci [ipx::get_file_groups xilinx_anylanguagebehavioralsimulation -of_objects [ipx::current_core]]
ipx::add_file src/bram_4096_1/bram_4096.xci [ipx::get_file_groups xilinx_anylanguagebehavioralsimulation -of_objects [ipx::current_core]]
ipx::add_file src/bram_2048_0/bram_2048_0.xci [ipx::get_file_groups xilinx_anylanguagebehavioralsimulation -of_objects [ipx::current_core]]
ipx::add_file src/bram_2048_1/bram_2048_1.xci [ipx::get_file_groups xilinx_anylanguagebehavioralsimulation -of_objects [ipx::current_core]]
ipx::add_file src/clock_counter.vhd [ipx::get_file_groups xilinx_anylanguagebehavioralsimulation -of_objects [ipx::current_core]]
ipx::add_file src/bram_1024_0/bram_1024_0.xci [ipx::get_file_groups xilinx_anylanguagebehavioralsimulation -of_objects [ipx::current_core]]
ipx::add_file src/bram_1024_1/bram_1024_1.xci [ipx::get_file_groups xilinx_anylanguagebehavioralsimulation -of_objects [ipx::current_core]]
ipx::add_file src/bram_1024_2/bram_1024_2.xci [ipx::get_file_groups xilinx_anylanguagebehavioralsimulation -of_objects [ipx::current_core]]
ipx::add_file src/bram_1024_3/bram_1024_3.xci [ipx::get_file_groups xilinx_anylanguagebehavioralsimulation -of_objects [ipx::current_core]]
ipx::add_file hdl/axi_compression_v1_0.vhd [ipx::get_file_groups xilinx_anylanguagebehavioralsimulation -of_objects [ipx::current_core]]
ipx::remove_file_group xilinx_vhdlbehavioralsimulation [ipx::current_core]
set_property model_name axi_compression_v1_0 [ipx::get_file_groups xilinx_anylanguagebehavioralsimulation -of_objects [ipx::current_core]]
set_property core_revision 29 [ipx::current_core]
ipx::create_xgui_files [ipx::current_core]
ipx::update_checksums [ipx::current_core]
ipx::save_core [ipx::current_core]
close_project -delete
update_ip_catalog -rebuild -repo_path x:/final_project/lzw_compression/lzw_compression.ipdefs/axi_compression_1.0_0_0
INFO: [IP_Flow 19-725] Reloaded user IP repository 'x:/final_project/lzw_compression/lzw_compression.ipdefs/axi_compression_1.0_0_0'
report_ip_status -name ip_status 
upgrade_ip -vlnv xilinx.com:user:axi_compression:1.0 [get_ips  design_1_axi_compression_0_0] -log ip_upgrade.log
Upgrading 'X:/final_project/lzw_compression/lzw_compression.srcs/sources_1/bd/design_1/design_1.bd'
INFO: [IP_Flow 19-3422] Upgraded design_1_axi_compression_0_0 (axi_compression_v1.0 1.0) from revision 28 to revision 29
Wrote  : <X:/final_project/lzw_compression/lzw_compression.srcs/sources_1/bd/design_1/design_1.bd> 
INFO: [Coretcl 2-1525] Wrote upgrade log to 'X:/final_project/lzw_compression/ip_upgrade.log'.
export_ip_user_files -of_objects [get_ips design_1_axi_compression_0_0] -no_script -sync -force -quiet
report_ip_status -name ip_status 
launch_runs impl_1 -jobs 4
VHDL Output written to : X:/final_project/lzw_compression/lzw_compression.srcs/sources_1/bd/design_1/hdl/design_1.vhd
VHDL Output written to : X:/final_project/lzw_compression/lzw_compression.srcs/sources_1/bd/design_1/hdl/design_1_wrapper.vhd
Wrote  : <X:/final_project/lzw_compression/lzw_compression.srcs/sources_1/bd/design_1/design_1.bd> 
INFO: [Device 21-403] Loading part xc7z020clg484-1
INFO: [BD 41-1029] Generation completed for the IP Integrator block axi_compression_0 .
WARNING: [xilinx.com:ip:processing_system7:5.5-1] design_1_processing_system7_0_0: The Zynq BFM requires an AXI BFM license to run. Please ensure that you have purchased and setup the AXI BFM license prior to running simulation with this block. Please contact your Xilinx sales office for more information on purchasing this license
INFO: [BD 41-1029] Generation completed for the IP Integrator block processing_system7_0 .
INFO: [BD 41-1029] Generation completed for the IP Integrator block rst_ps7_0_100M .
INFO: [BD 41-1029] Generation completed for the IP Integrator block ps7_0_axi_periph/s00_couplers/auto_pc .
Exporting to file X:/final_project/lzw_compression/lzw_compression.srcs/sources_1/bd/design_1/hw_handoff/design_1.hwh
Generated Block Design Tcl file X:/final_project/lzw_compression/lzw_compression.srcs/sources_1/bd/design_1/hw_handoff/design_1_bd.tcl
Generated Hardware Definition File X:/final_project/lzw_compression/lzw_compression.srcs/sources_1/bd/design_1/hdl/design_1.hwdef
[Tue Apr 18 23:15:54 2017] Launched synth_1...
Run output will be captured here: X:/final_project/lzw_compression/lzw_compression.runs/synth_1/runme.log
[Tue Apr 18 23:16:03 2017] Launched impl_1...
Run output will be captured here: X:/final_project/lzw_compression/lzw_compression.runs/impl_1/runme.log
launch_runs: Time (s): cpu = 00:04:12 ; elapsed = 00:08:08 . Memory (MB): peak = 1180.258 ; gain = 216.547
reset_run impl_1
reset_run synth_1
launch_sdk -workspace X:/final_project/lzw_compression/lzw_compression.sdk -hwspec X:/final_project/lzw_compression/lzw_compression.sdk/design_1_wrapper.hdf
INFO: [Vivado 12-393] Launching SDK...
INFO: [Vivado 12-417] Running xsdk -workspace X:/final_project/lzw_compression/lzw_compression.sdk -hwspec X:/final_project/lzw_compression/lzw_compression.sdk/design_1_wrapper.hdf
ERROR: [Common 17-70] Application Exception: Not found in path: xsdk
exit
INFO: [Common 17-206] Exiting Vivado at Tue Apr 18 23:39:32 2017...
